0 info it worked if it ends with ok
1 verbose cli [ 'C:\\Program Files\\nodejs\\node.exe',
1 verbose cli   'C:\\Program Files\\nodejs\\node_modules\\npm\\bin\\npm-cli.js',
1 verbose cli   'start' ]
2 info using npm@3.10.10
3 info using node@v6.11.4
4 verbose run-script [ 'prestart', 'start', 'poststart' ]
5 info lifecycle koinex_helper@1.0.0~prestart: koinex_helper@1.0.0
6 silly lifecycle koinex_helper@1.0.0~prestart: no script for prestart, continuing
7 info lifecycle koinex_helper@1.0.0~start: koinex_helper@1.0.0
8 verbose lifecycle koinex_helper@1.0.0~start: unsafe-perm in lifecycle true
9 verbose lifecycle koinex_helper@1.0.0~start: PATH: C:\Program Files\nodejs\node_modules\npm\bin\node-gyp-bin;C:\Users\pranstiw.ORADEV\Desktop\Koinex_Helper\node_modules\.bin;C:\oraclexe\app\oracle\product\10.2.0\server\bin;E:\app\pranstiw\virtual\product\12.2.0\dbhome_1\bin;C:\Program Files (x86)\Intel\iCLS Client\;C:\Program Files\Intel\iCLS Client\;C:\WINDOWS\system32;C:\WINDOWS;C:\WINDOWS\System32\Wbem;C:\WINDOWS\System32\WindowsPowerShell\v1.0\;C:\Program Files (x86)\Intel\Intel(R) Management Engine Components\DAL;C:\Program Files\Intel\Intel(R) Management Engine Components\DAL;C:\Program Files (x86)\Intel\Intel(R) Management Engine Components\IPT;C:\Program Files\Intel\Intel(R) Management Engine Components\IPT;C:\Program Files\Java\jdk1.8.0_144\bin;C:\Program Files\Git\cmd;C:\Program Files (x86)\Sennheiser\SoftphoneSDK\;C:\Program Files (x86)\gnuplot\bin;C:\Program Files\nodejs\;C:\Program Files\PuTTY\;C:\Users\pranstiw.ORADEV\AppData\Local\Programs\Python\Python36;C:\Program Files\PostgreSQL\10\bin;C:\Program Files\Intel\WiFi\bin\;C:\Program Files\Common Files\Intel\WirelessCommon\;C:\Users\pranstiw.ORADEV\AppData\Local\Microsoft\WindowsApps;C:\MinGW\bin;C:\Users\pranstiw.ORADEV\AppData\Roaming\npm;C:\Program Files\nodejs;C:\Program Files\Git\cmd;C:\Program Files\Git\bin\git.exe;C:\Users\pranstiw.ORADEV\AppData\Local\Programs\Python\Python36;C:\Program Files\PostgreSQL\10\bin;C:\Program Files\MongoDB\Server\3.6\bin;C:\Program Files\Intel\WiFi\bin\;C:\Program Files\Common Files\Intel\WirelessCommon\
10 verbose lifecycle koinex_helper@1.0.0~start: CWD: C:\Users\pranstiw.ORADEV\Desktop\Koinex_Helper
11 silly lifecycle koinex_helper@1.0.0~start: Args: [ '/d /s /c', 'node server.js' ]
12 verbose stack Error: kill ENOSYS
12 verbose stack     at Object.exports._errnoException (util.js:1020:11)
12 verbose stack     at process.kill (internal/process.js:191:18)
12 verbose stack     at process.listener (C:\Program Files\nodejs\node_modules\npm\node_modules\npmlog\node_modules\gauge\node_modules\signal-exit\index.js:86:15)
12 verbose stack     at emitNone (events.js:91:20)
12 verbose stack     at process.emit (events.js:185:7)
12 verbose stack     at processEmit (C:\Program Files\nodejs\node_modules\npm\node_modules\npmlog\node_modules\gauge\node_modules\signal-exit\index.js:146:32)
12 verbose stack     at processEmit (C:\Program Files\nodejs\node_modules\npm\node_modules\npm-registry-client\node_modules\npmlog\node_modules\gauge\node_modules\signal-exit\index.js:146:32)
12 verbose stack     at Signal.wrap.onsignal (internal/process.js:217:44)
13 verbose cwd C:\Users\pranstiw.ORADEV\Desktop\Koinex_Helper
14 error Windows_NT 10.0.15063
15 error argv "C:\\Program Files\\nodejs\\node.exe" "C:\\Program Files\\nodejs\\node_modules\\npm\\bin\\npm-cli.js" "start"
16 error node v6.11.4
17 error npm  v3.10.10
18 error code ENOSYS
19 error errno ENOSYS
20 error syscall kill
21 error kill ENOSYS
22 error If you need help, you may report this error at:
22 error     <https://github.com/npm/npm/issues>
23 verbose exit [ 1, true ]
